<?xml version="1.0" encoding="UTF-8"?>
<!-- Generated by org.testng.reporters.JUnitReportReporter -->
<testsuite hostname="RPComp" failures="0" tests="1" name="NewTest" time="0.220" errors="0" timestamp="2023-07-21T11:02:15 IST" skipped="0">
  <testcase classname="NewTest" name="f" time="0.220"/>
</testsuite> <!-- NewTest -->
